<?xml version="1.0" encoding="UTF-8" standalone="no"?>
<!DOCTYPE log SYSTEM "logger.dtd">
<log>
<record>
  <date>2023-08-22T11:28:20.167-0300</date>
  <logger>FRANCISCO PEREIRA DA SILVA FILHO</logger>
  <level>FINE</level>
  <message>File 122110393-FRANCISCO PEREIRA DA SILVA FILHO.zip was received. It was sent by FRANCISCO PEREIRA DA SILVA FILHO from IP 192.168.51.153 at 22-08-2023 11*28*20</message>
</record>
</log>
<?xml version="1.0" encoding="UTF-8" standalone="no"?>
<!DOCTYPE log SYSTEM "logger.dtd">
<log>
<record>
  <date>2023-08-22T11:28:51.896-0300</date>
  <logger>FRANCISCO PEREIRA DA SILVA FILHO</logger>
  <level>FINE</level>
  <message>File 122110393-FRANCISCO PEREIRA DA SILVA FILHO.zip was received. It was sent by FRANCISCO PEREIRA DA SILVA FILHO from IP 192.168.51.153 at 22-08-2023 11*28*51</message>
</record>
</log>
<?xml version="1.0" encoding="UTF-8" standalone="no"?>
<!DOCTYPE log SYSTEM "logger.dtd">
<log>
<record>
  <date>2023-08-24T22:09:43.580-0300</date>
  <logger>FRANCISCO PEREIRA DA SILVA FILHO</logger>
  <level>FINE</level>
  <message>File 122110393-FRANCISCO PEREIRA DA SILVA FILHO.zip was received. It was sent by FRANCISCO PEREIRA DA SILVA FILHO from IP 192.168.1.24 at 24-08-2023 22*09*43</message>
</record>
