<?xml version="1.0" encoding="UTF-8" standalone="no"?>
<!DOCTYPE log SYSTEM "logger.dtd">
<log>
<record>
  <date>2023-09-13T14:25:05.230-0300</date>
  <logger>FRANCISCO PEREIRA DA SILVA FILHO</logger>
  <level>FINE</level>
  <message>File 122110393-FRANCISCO PEREIRA DA SILVA FILHO.zip was received. It was sent by FRANCISCO PEREIRA DA SILVA FILHO from IP 192.168.51.153 at 13-09-2023 14*25*05</message>
</record>
</log>
<?xml version="1.0" encoding="UTF-8" standalone="no"?>
<!DOCTYPE log SYSTEM "logger.dtd">
<log>
<record>
  <date>2023-09-14T10:51:47.850-0300</date>
  <logger>FRANCISCO PEREIRA DA SILVA FILHO</logger>
  <level>FINE</level>
  <message>File 122110393-FRANCISCO PEREIRA DA SILVA FILHO.zip was received. It was sent by FRANCISCO PEREIRA DA SILVA FILHO from IP 192.168.51.153 at 14-09-2023 10*51*47</message>
</record>
</log>
<?xml version="1.0" encoding="UTF-8" standalone="no"?>
<!DOCTYPE log SYSTEM "logger.dtd">
<log>
<record>
  <date>2023-09-14T11:09:25.978-0300</date>
  <logger>FRANCISCO PEREIRA DA SILVA FILHO</logger>
  <level>FINE</level>
  <message>File 122110393-FRANCISCO PEREIRA DA SILVA FILHO.zip was received. It was sent by FRANCISCO PEREIRA DA SILVA FILHO from IP 192.168.51.153 at 14-09-2023 11*09*25</message>
</record>
</log>
<?xml version="1.0" encoding="UTF-8" standalone="no"?>
<!DOCTYPE log SYSTEM "logger.dtd">
<log>
<record>
  <date>2023-09-14T15:01:36.902-0300</date>
  <logger>FRANCISCO PEREIRA DA SILVA FILHO</logger>
  <level>FINE</level>
  <message>File 122110393-FRANCISCO PEREIRA DA SILVA FILHO.zip was received. It was sent by FRANCISCO PEREIRA DA SILVA FILHO from IP 192.168.15.6 at 14-09-2023 15*01*36</message>
</record>
